"pkg-config --exists libffi"
| pkg-config --libs libffi
=> "-lffi\n"
"clang -fdeclspec -o conftest -I/Users/mitsuba/.rbenv/versions/3.0.0/include/ruby-3.0.0/x86_64-darwin18 -I/Users/mitsuba/.rbenv/versions/3.0.0/include/ruby-3.0.0/ruby/backward -I/Users/mitsuba/.rbenv/versions/3.0.0/include/ruby-3.0.0 -I. -I/Users/mitsuba/.rbenv/versions/3.0.0/include  -D_XOPEN_SOURCE -D_DARWIN_C_SOURCE -D_DARWIN_UNLIMITED_SELECT -D_REENTRANT    -O3 -Wno-error=shorten-64-to-32  -fno-common -pipe conftest.c  -L. -L/Users/mitsuba/.rbenv/versions/3.0.0/lib -L. -L/Users/mitsuba/.rbenv/versions/3.0.0/lib  -fstack-protector-strong -L/usr/local/lib     -lruby.3.0   "
checked program was:
/* begin */
1: #include "ruby.h"
2: 
3: int main(int argc, char **argv)
4: {
5:   return !!argv[argc];
6: }
/* end */

"clang -fdeclspec -o conftest -I/Users/mitsuba/.rbenv/versions/3.0.0/include/ruby-3.0.0/x86_64-darwin18 -I/Users/mitsuba/.rbenv/versions/3.0.0/include/ruby-3.0.0/ruby/backward -I/Users/mitsuba/.rbenv/versions/3.0.0/include/ruby-3.0.0 -I. -I/Users/mitsuba/.rbenv/versions/3.0.0/include  -D_XOPEN_SOURCE -D_DARWIN_C_SOURCE -D_DARWIN_UNLIMITED_SELECT -D_REENTRANT    -O3 -Wno-error=shorten-64-to-32  -fno-common -pipe conftest.c  -L. -L/Users/mitsuba/.rbenv/versions/3.0.0/lib -L. -L/Users/mitsuba/.rbenv/versions/3.0.0/lib  -fstack-protector-strong -L/usr/local/lib     -lruby.3.0 -lffi  "
checked program was:
/* begin */
1: #include "ruby.h"
2: 
3: int main(int argc, char **argv)
4: {
5:   return !!argv[argc];
6: }
/* end */

| pkg-config --cflags-only-I libffi
=> "-I/Library/Developer/CommandLineTools/SDKs/MacOSX10.14.sdk/usr/include/ffi\n"
| pkg-config --cflags-only-other libffi
=> "\n"
| pkg-config --libs-only-l libffi
=> "-lffi\n"
package configuration for libffi
incflags: -I/Library/Developer/CommandLineTools/SDKs/MacOSX10.14.sdk/usr/include/ffi
cflags: 
ldflags: 
libs: -lffi

have_library: checking for ffi_prep_closure_loc() in -lffi... -------------------- no

"clang -fdeclspec -o conftest -I/Users/mitsuba/.rbenv/versions/3.0.0/include/ruby-3.0.0/x86_64-darwin18 -I/Users/mitsuba/.rbenv/versions/3.0.0/include/ruby-3.0.0/ruby/backward -I/Users/mitsuba/.rbenv/versions/3.0.0/include/ruby-3.0.0 -I. -I/Library/Developer/CommandLineTools/SDKs/MacOSX10.14.sdk/usr/include/ffi -I/Users/mitsuba/.rbenv/versions/3.0.0/include  -D_XOPEN_SOURCE -D_DARWIN_C_SOURCE -D_DARWIN_UNLIMITED_SELECT -D_REENTRANT    -O3 -Wno-error=shorten-64-to-32  -fno-common -pipe  conftest.c  -L. -L/Users/mitsuba/.rbenv/versions/3.0.0/lib -L. -L/Users/mitsuba/.rbenv/versions/3.0.0/lib  -fstack-protector-strong -L/usr/local/lib      -lffi -lruby.3.0 -lffi  -lffi  "
conftest.c:16:57: error: use of undeclared identifier 'ffi_prep_closure_loc'
int t(void) { void ((*volatile p)()); p = (void ((*)()))ffi_prep_closure_loc; return !p; }
                                                        ^
1 error generated.
checked program was:
/* begin */
 1: #include "ruby.h"
 2: 
 3: #include <ffi.h>
 4: 
 5: /*top*/
 6: extern int t(void);
 7: int main(int argc, char **argv)
 8: {
 9:   if (argc > 1000000) {
10:     int (* volatile tp)(void)=(int (*)(void))&t;
11:     printf("%d", (*tp)());
12:   }
13: 
14:   return !!argv[argc];
15: }
16: int t(void) { void ((*volatile p)()); p = (void ((*)()))ffi_prep_closure_loc; return !p; }
/* end */

"clang -fdeclspec -o conftest -I/Users/mitsuba/.rbenv/versions/3.0.0/include/ruby-3.0.0/x86_64-darwin18 -I/Users/mitsuba/.rbenv/versions/3.0.0/include/ruby-3.0.0/ruby/backward -I/Users/mitsuba/.rbenv/versions/3.0.0/include/ruby-3.0.0 -I. -I/Library/Developer/CommandLineTools/SDKs/MacOSX10.14.sdk/usr/include/ffi -I/Users/mitsuba/.rbenv/versions/3.0.0/include  -D_XOPEN_SOURCE -D_DARWIN_C_SOURCE -D_DARWIN_UNLIMITED_SELECT -D_REENTRANT    -O3 -Wno-error=shorten-64-to-32  -fno-common -pipe  conftest.c  -L. -L/Users/mitsuba/.rbenv/versions/3.0.0/lib -L. -L/Users/mitsuba/.rbenv/versions/3.0.0/lib  -fstack-protector-strong -L/usr/local/lib      -lffi -lruby.3.0 -lffi  -lffi  "
Undefined symbols for architecture x86_64:
  "_ffi_prep_closure_loc", referenced from:
      _t in conftest-51cea2.o
ld: symbol(s) not found for architecture x86_64
clang: error: linker command failed with exit code 1 (use -v to see invocation)
checked program was:
/* begin */
 1: #include "ruby.h"
 2: 
 3: #include <ffi.h>
 4: 
 5: /*top*/
 6: extern int t(void);
 7: int main(int argc, char **argv)
 8: {
 9:   if (argc > 1000000) {
10:     int (* volatile tp)(void)=(int (*)(void))&t;
11:     printf("%d", (*tp)());
12:   }
13: 
14:   return !!argv[argc];
15: }
16: extern void ffi_prep_closure_loc();
17: int t(void) { ffi_prep_closure_loc(); return 0; }
/* end */

--------------------

have_library: checking for ffi_prep_closure_loc() in -llibffi... -------------------- no

"clang -fdeclspec -o conftest -I/Users/mitsuba/.rbenv/versions/3.0.0/include/ruby-3.0.0/x86_64-darwin18 -I/Users/mitsuba/.rbenv/versions/3.0.0/include/ruby-3.0.0/ruby/backward -I/Users/mitsuba/.rbenv/versions/3.0.0/include/ruby-3.0.0 -I. -I/Library/Developer/CommandLineTools/SDKs/MacOSX10.14.sdk/usr/include/ffi -I/Users/mitsuba/.rbenv/versions/3.0.0/include  -D_XOPEN_SOURCE -D_DARWIN_C_SOURCE -D_DARWIN_UNLIMITED_SELECT -D_REENTRANT    -O3 -Wno-error=shorten-64-to-32  -fno-common -pipe  conftest.c  -L. -L/Users/mitsuba/.rbenv/versions/3.0.0/lib -L. -L/Users/mitsuba/.rbenv/versions/3.0.0/lib  -fstack-protector-strong -L/usr/local/lib      -lffi -lruby.3.0 -llibffi  -lffi  "
conftest.c:16:57: error: use of undeclared identifier 'ffi_prep_closure_loc'
int t(void) { void ((*volatile p)()); p = (void ((*)()))ffi_prep_closure_loc; return !p; }
                                                        ^
1 error generated.
checked program was:
/* begin */
 1: #include "ruby.h"
 2: 
 3: #include <ffi.h>
 4: 
 5: /*top*/
 6: extern int t(void);
 7: int main(int argc, char **argv)
 8: {
 9:   if (argc > 1000000) {
10:     int (* volatile tp)(void)=(int (*)(void))&t;
11:     printf("%d", (*tp)());
12:   }
13: 
14:   return !!argv[argc];
15: }
16: int t(void) { void ((*volatile p)()); p = (void ((*)()))ffi_prep_closure_loc; return !p; }
/* end */

"clang -fdeclspec -o conftest -I/Users/mitsuba/.rbenv/versions/3.0.0/include/ruby-3.0.0/x86_64-darwin18 -I/Users/mitsuba/.rbenv/versions/3.0.0/include/ruby-3.0.0/ruby/backward -I/Users/mitsuba/.rbenv/versions/3.0.0/include/ruby-3.0.0 -I. -I/Library/Developer/CommandLineTools/SDKs/MacOSX10.14.sdk/usr/include/ffi -I/Users/mitsuba/.rbenv/versions/3.0.0/include  -D_XOPEN_SOURCE -D_DARWIN_C_SOURCE -D_DARWIN_UNLIMITED_SELECT -D_REENTRANT    -O3 -Wno-error=shorten-64-to-32  -fno-common -pipe  conftest.c  -L. -L/Users/mitsuba/.rbenv/versions/3.0.0/lib -L. -L/Users/mitsuba/.rbenv/versions/3.0.0/lib  -fstack-protector-strong -L/usr/local/lib      -lffi -lruby.3.0 -llibffi  -lffi  "
ld: library not found for -llibffi
clang: error: linker command failed with exit code 1 (use -v to see invocation)
checked program was:
/* begin */
 1: #include "ruby.h"
 2: 
 3: #include <ffi.h>
 4: 
 5: /*top*/
 6: extern int t(void);
 7: int main(int argc, char **argv)
 8: {
 9:   if (argc > 1000000) {
10:     int (* volatile tp)(void)=(int (*)(void))&t;
11:     printf("%d", (*tp)());
12:   }
13: 
14:   return !!argv[argc];
15: }
16: extern void ffi_prep_closure_loc();
17: int t(void) { ffi_prep_closure_loc(); return 0; }
/* end */

--------------------

have_library: checking for ffi_prep_closure_loc() in -llibffi-8... -------------------- no

"clang -fdeclspec -o conftest -I/Users/mitsuba/.rbenv/versions/3.0.0/include/ruby-3.0.0/x86_64-darwin18 -I/Users/mitsuba/.rbenv/versions/3.0.0/include/ruby-3.0.0/ruby/backward -I/Users/mitsuba/.rbenv/versions/3.0.0/include/ruby-3.0.0 -I. -I/Library/Developer/CommandLineTools/SDKs/MacOSX10.14.sdk/usr/include/ffi -I/Users/mitsuba/.rbenv/versions/3.0.0/include  -D_XOPEN_SOURCE -D_DARWIN_C_SOURCE -D_DARWIN_UNLIMITED_SELECT -D_REENTRANT    -O3 -Wno-error=shorten-64-to-32  -fno-common -pipe  conftest.c  -L. -L/Users/mitsuba/.rbenv/versions/3.0.0/lib -L. -L/Users/mitsuba/.rbenv/versions/3.0.0/lib  -fstack-protector-strong -L/usr/local/lib      -lffi -lruby.3.0 -llibffi-8  -lffi  "
conftest.c:16:57: error: use of undeclared identifier 'ffi_prep_closure_loc'
int t(void) { void ((*volatile p)()); p = (void ((*)()))ffi_prep_closure_loc; return !p; }
                                                        ^
1 error generated.
checked program was:
/* begin */
 1: #include "ruby.h"
 2: 
 3: #include <ffi.h>
 4: 
 5: /*top*/
 6: extern int t(void);
 7: int main(int argc, char **argv)
 8: {
 9:   if (argc > 1000000) {
10:     int (* volatile tp)(void)=(int (*)(void))&t;
11:     printf("%d", (*tp)());
12:   }
13: 
14:   return !!argv[argc];
15: }
16: int t(void) { void ((*volatile p)()); p = (void ((*)()))ffi_prep_closure_loc; return !p; }
/* end */

"clang -fdeclspec -o conftest -I/Users/mitsuba/.rbenv/versions/3.0.0/include/ruby-3.0.0/x86_64-darwin18 -I/Users/mitsuba/.rbenv/versions/3.0.0/include/ruby-3.0.0/ruby/backward -I/Users/mitsuba/.rbenv/versions/3.0.0/include/ruby-3.0.0 -I. -I/Library/Developer/CommandLineTools/SDKs/MacOSX10.14.sdk/usr/include/ffi -I/Users/mitsuba/.rbenv/versions/3.0.0/include  -D_XOPEN_SOURCE -D_DARWIN_C_SOURCE -D_DARWIN_UNLIMITED_SELECT -D_REENTRANT    -O3 -Wno-error=shorten-64-to-32  -fno-common -pipe  conftest.c  -L. -L/Users/mitsuba/.rbenv/versions/3.0.0/lib -L. -L/Users/mitsuba/.rbenv/versions/3.0.0/lib  -fstack-protector-strong -L/usr/local/lib      -lffi -lruby.3.0 -llibffi-8  -lffi  "
ld: library not found for -llibffi-8
clang: error: linker command failed with exit code 1 (use -v to see invocation)
checked program was:
/* begin */
 1: #include "ruby.h"
 2: 
 3: #include <ffi.h>
 4: 
 5: /*top*/
 6: extern int t(void);
 7: int main(int argc, char **argv)
 8: {
 9:   if (argc > 1000000) {
10:     int (* volatile tp)(void)=(int (*)(void))&t;
11:     printf("%d", (*tp)());
12:   }
13: 
14:   return !!argv[argc];
15: }
16: extern void ffi_prep_closure_loc();
17: int t(void) { ffi_prep_closure_loc(); return 0; }
/* end */

--------------------

block in append_ldflags: checking for whether -Wl,--exclude-libs,ALL is accepted as LDFLAGS... -------------------- no

"clang -fdeclspec -o conftest -I/Users/mitsuba/.rbenv/versions/3.0.0/include/ruby-3.0.0/x86_64-darwin18 -I/Users/mitsuba/.rbenv/versions/3.0.0/include/ruby-3.0.0/ruby/backward -I/Users/mitsuba/.rbenv/versions/3.0.0/include/ruby-3.0.0 -I. -I/Library/Developer/CommandLineTools/SDKs/MacOSX10.14.sdk/usr/include/ffi -I/Users/mitsuba/.rbenv/versions/3.0.0/include  -D_XOPEN_SOURCE -D_DARWIN_C_SOURCE -D_DARWIN_UNLIMITED_SELECT -D_REENTRANT    -O3 -Wno-error=shorten-64-to-32  -fno-common -pipe  conftest.c  -L. -L/Users/mitsuba/.rbenv/versions/3.0.0/lib -L. -L/Users/mitsuba/.rbenv/versions/3.0.0/lib  -fstack-protector-strong -L/usr/local/lib      -lffi -lruby.3.0 -Wl,--exclude-libs,ALL  "
ld: unknown option: --exclude-libs
clang: error: linker command failed with exit code 1 (use -v to see invocation)
checked program was:
/* begin */
1: #include "ruby.h"
2: 
3: int main(int argc, char **argv)
4: {
5:   return !!argv[argc];
6: }
/* end */

--------------------

extconf.h is:
/* begin */
1: #ifndef EXTCONF_H
2: #define EXTCONF_H
3: #define HAVE_FFI_PREP_CIF_VAR 1
4: #define USE_INTERNAL_LIBFFI 1
5: #endif
/* end */

