"pkg-config --exists openssl"
package configuration for openssl is not found
have_library: checking for -lcrypto... -------------------- no

"clang -fdeclspec -o conftest -I/Users/mitsuba/.rbenv/versions/3.0.0/include/ruby-3.0.0/x86_64-darwin18 -I/Users/mitsuba/.rbenv/versions/3.0.0/include/ruby-3.0.0/ruby/backward -I/Users/mitsuba/.rbenv/versions/3.0.0/include/ruby-3.0.0 -I. -I/Users/mitsuba/.rbenv/versions/3.0.0/include  -D_XOPEN_SOURCE -D_DARWIN_C_SOURCE -D_DARWIN_UNLIMITED_SELECT -D_REENTRANT    -O3 -Wno-error=shorten-64-to-32  -fno-common -pipe conftest.c  -L. -L/Users/mitsuba/.rbenv/versions/3.0.0/lib -L. -L/Users/mitsuba/.rbenv/versions/3.0.0/lib  -fstack-protector-strong -L/usr/local/lib     -lruby.3.0   "
checked program was:
/* begin */
1: #include "ruby.h"
2: 
3: int main(int argc, char **argv)
4: {
5:   return !!argv[argc];
6: }
/* end */

"clang -fdeclspec -o conftest -I/Users/mitsuba/.rbenv/versions/3.0.0/include/ruby-3.0.0/x86_64-darwin18 -I/Users/mitsuba/.rbenv/versions/3.0.0/include/ruby-3.0.0/ruby/backward -I/Users/mitsuba/.rbenv/versions/3.0.0/include/ruby-3.0.0 -I. -I/Users/mitsuba/.rbenv/versions/3.0.0/include  -D_XOPEN_SOURCE -D_DARWIN_C_SOURCE -D_DARWIN_UNLIMITED_SELECT -D_REENTRANT    -O3 -Wno-error=shorten-64-to-32  -fno-common -pipe conftest.c  -L. -L/Users/mitsuba/.rbenv/versions/3.0.0/lib -L. -L/Users/mitsuba/.rbenv/versions/3.0.0/lib  -fstack-protector-strong -L/usr/local/lib     -lruby.3.0  -lcrypto  "
ld: library not found for -lcrypto
clang: error: linker command failed with exit code 1 (use -v to see invocation)
checked program was:
/* begin */
 1: #include "ruby.h"
 2: 
 3: /*top*/
 4: extern int t(void);
 5: int main(int argc, char **argv)
 6: {
 7:   if (argc > 1000000) {
 8:     int (* volatile tp)(void)=(int (*)(void))&t;
 9:     printf("%d", (*tp)());
10:   }
11: 
12:   return !!argv[argc];
13: }
14: 
15: int t(void) { ; return 0; }
/* end */

--------------------

have_header: checking for openssl/ssl.h... -------------------- yes

"clang -E -I/Users/mitsuba/.rbenv/versions/3.0.0/include/ruby-3.0.0/x86_64-darwin18 -I/Users/mitsuba/.rbenv/versions/3.0.0/include/ruby-3.0.0/ruby/backward -I/Users/mitsuba/.rbenv/versions/3.0.0/include/ruby-3.0.0 -I. -I/Users/mitsuba/.rbenv/versions/3.0.0/openssl/include -I/Users/mitsuba/.rbenv/versions/3.0.0/include  -D_XOPEN_SOURCE -D_DARWIN_C_SOURCE -D_DARWIN_UNLIMITED_SELECT -D_REENTRANT    -O3 -Wno-error=shorten-64-to-32  -fno-common -pipe  conftest.c -o conftest.i"
checked program was:
/* begin */
1: #include "ruby.h"
2: 
3: #include <openssl/ssl.h>
/* end */

--------------------

have_header: checking for openssl/err.h... -------------------- yes

"clang -E -I/Users/mitsuba/.rbenv/versions/3.0.0/include/ruby-3.0.0/x86_64-darwin18 -I/Users/mitsuba/.rbenv/versions/3.0.0/include/ruby-3.0.0/ruby/backward -I/Users/mitsuba/.rbenv/versions/3.0.0/include/ruby-3.0.0 -I. -I/Users/mitsuba/.rbenv/versions/3.0.0/openssl/include -I/Users/mitsuba/.rbenv/versions/3.0.0/include  -D_XOPEN_SOURCE -D_DARWIN_C_SOURCE -D_DARWIN_UNLIMITED_SELECT -D_REENTRANT    -O3 -Wno-error=shorten-64-to-32  -fno-common -pipe  conftest.c -o conftest.i"
checked program was:
/* begin */
1: #include "ruby.h"
2: 
3: #include <openssl/err.h>
/* end */

--------------------

have_var: checking for rb_trap_immediate in ruby.h,rubysig.h... -------------------- no

"clang -fdeclspec -I/Users/mitsuba/.rbenv/versions/3.0.0/include/ruby-3.0.0/x86_64-darwin18 -I/Users/mitsuba/.rbenv/versions/3.0.0/include/ruby-3.0.0/ruby/backward -I/Users/mitsuba/.rbenv/versions/3.0.0/include/ruby-3.0.0 -I. -I/Users/mitsuba/.rbenv/versions/3.0.0/openssl/include -I/Users/mitsuba/.rbenv/versions/3.0.0/include  -D_XOPEN_SOURCE -D_DARWIN_C_SOURCE -D_DARWIN_UNLIMITED_SELECT -D_REENTRANT    -O3 -Wno-error=shorten-64-to-32  -fno-common -pipe   -c conftest.c"
conftest.c:4:10: fatal error: 'rubysig.h' file not found
#include <rubysig.h>
         ^~~~~~~~~~~
1 error generated.
checked program was:
/* begin */
 1: #include "ruby.h"
 2: 
 3: #include <ruby.h>
 4: #include <rubysig.h>
 5: 
 6: /*top*/
 7: extern int t(void);
 8: int main(int argc, char **argv)
 9: {
10:   if (argc > 1000000) {
11:     int (* volatile tp)(void)=(int (*)(void))&t;
12:     printf("%d", (*tp)());
13:   }
14: 
15:   return !!argv[argc];
16: }
17: int t(void) { const volatile void *volatile p; p = &(&rb_trap_immediate)[0]; return !p; }
/* end */

--------------------

have_func: checking for rb_thread_blocking_region()... -------------------- no

"clang -fdeclspec -o conftest -I/Users/mitsuba/.rbenv/versions/3.0.0/include/ruby-3.0.0/x86_64-darwin18 -I/Users/mitsuba/.rbenv/versions/3.0.0/include/ruby-3.0.0/ruby/backward -I/Users/mitsuba/.rbenv/versions/3.0.0/include/ruby-3.0.0 -I. -I/Users/mitsuba/.rbenv/versions/3.0.0/openssl/include -I/Users/mitsuba/.rbenv/versions/3.0.0/include  -D_XOPEN_SOURCE -D_DARWIN_C_SOURCE -D_DARWIN_UNLIMITED_SELECT -D_REENTRANT    -O3 -Wno-error=shorten-64-to-32  -fno-common -pipe conftest.c  -L. -L/Users/mitsuba/.rbenv/versions/3.0.0/lib -L/Users/mitsuba/.rbenv/versions/3.0.0/openssl/lib -L. -L/Users/mitsuba/.rbenv/versions/3.0.0/lib  -fstack-protector-strong -L/usr/local/lib     -lruby.3.0   "
conftest.c:14:57: error: use of undeclared identifier 'rb_thread_blocking_region'
int t(void) { void ((*volatile p)()); p = (void ((*)()))rb_thread_blocking_region; return !p; }
                                                        ^
1 error generated.
checked program was:
/* begin */
 1: #include "ruby.h"
 2: 
 3: /*top*/
 4: extern int t(void);
 5: int main(int argc, char **argv)
 6: {
 7:   if (argc > 1000000) {
 8:     int (* volatile tp)(void)=(int (*)(void))&t;
 9:     printf("%d", (*tp)());
10:   }
11: 
12:   return !!argv[argc];
13: }
14: int t(void) { void ((*volatile p)()); p = (void ((*)()))rb_thread_blocking_region; return !p; }
/* end */

"clang -fdeclspec -o conftest -I/Users/mitsuba/.rbenv/versions/3.0.0/include/ruby-3.0.0/x86_64-darwin18 -I/Users/mitsuba/.rbenv/versions/3.0.0/include/ruby-3.0.0/ruby/backward -I/Users/mitsuba/.rbenv/versions/3.0.0/include/ruby-3.0.0 -I. -I/Users/mitsuba/.rbenv/versions/3.0.0/openssl/include -I/Users/mitsuba/.rbenv/versions/3.0.0/include  -D_XOPEN_SOURCE -D_DARWIN_C_SOURCE -D_DARWIN_UNLIMITED_SELECT -D_REENTRANT    -O3 -Wno-error=shorten-64-to-32  -fno-common -pipe conftest.c  -L. -L/Users/mitsuba/.rbenv/versions/3.0.0/lib -L/Users/mitsuba/.rbenv/versions/3.0.0/openssl/lib -L. -L/Users/mitsuba/.rbenv/versions/3.0.0/lib  -fstack-protector-strong -L/usr/local/lib     -lruby.3.0   "
Undefined symbols for architecture x86_64:
  "_rb_thread_blocking_region", referenced from:
      _t in conftest-049d43.o
ld: symbol(s) not found for architecture x86_64
clang: error: linker command failed with exit code 1 (use -v to see invocation)
checked program was:
/* begin */
 1: #include "ruby.h"
 2: 
 3: /*top*/
 4: extern int t(void);
 5: int main(int argc, char **argv)
 6: {
 7:   if (argc > 1000000) {
 8:     int (* volatile tp)(void)=(int (*)(void))&t;
 9:     printf("%d", (*tp)());
10:   }
11: 
12:   return !!argv[argc];
13: }
14: extern void rb_thread_blocking_region();
15: int t(void) { rb_thread_blocking_region(); return 0; }
/* end */

--------------------

have_func: checking for rb_thread_call_without_gvl() in ruby/thread.h... -------------------- yes

"clang -fdeclspec -o conftest -I/Users/mitsuba/.rbenv/versions/3.0.0/include/ruby-3.0.0/x86_64-darwin18 -I/Users/mitsuba/.rbenv/versions/3.0.0/include/ruby-3.0.0/ruby/backward -I/Users/mitsuba/.rbenv/versions/3.0.0/include/ruby-3.0.0 -I. -I/Users/mitsuba/.rbenv/versions/3.0.0/openssl/include -I/Users/mitsuba/.rbenv/versions/3.0.0/include  -D_XOPEN_SOURCE -D_DARWIN_C_SOURCE -D_DARWIN_UNLIMITED_SELECT -D_REENTRANT    -O3 -Wno-error=shorten-64-to-32  -fno-common -pipe conftest.c  -L. -L/Users/mitsuba/.rbenv/versions/3.0.0/lib -L/Users/mitsuba/.rbenv/versions/3.0.0/openssl/lib -L. -L/Users/mitsuba/.rbenv/versions/3.0.0/lib  -fstack-protector-strong -L/usr/local/lib     -lruby.3.0   "
checked program was:
/* begin */
 1: #include "ruby.h"
 2: 
 3: #include <ruby/thread.h>
 4: 
 5: /*top*/
 6: extern int t(void);
 7: int main(int argc, char **argv)
 8: {
 9:   if (argc > 1000000) {
10:     int (* volatile tp)(void)=(int (*)(void))&t;
11:     printf("%d", (*tp)());
12:   }
13: 
14:   return !!argv[argc];
15: }
16: int t(void) { void ((*volatile p)()); p = (void ((*)()))rb_thread_call_without_gvl; return !p; }
/* end */

--------------------

have_func: checking for rb_thread_fd_select()... -------------------- yes

"clang -fdeclspec -o conftest -I/Users/mitsuba/.rbenv/versions/3.0.0/include/ruby-3.0.0/x86_64-darwin18 -I/Users/mitsuba/.rbenv/versions/3.0.0/include/ruby-3.0.0/ruby/backward -I/Users/mitsuba/.rbenv/versions/3.0.0/include/ruby-3.0.0 -I. -I/Users/mitsuba/.rbenv/versions/3.0.0/openssl/include -I/Users/mitsuba/.rbenv/versions/3.0.0/include  -D_XOPEN_SOURCE -D_DARWIN_C_SOURCE -D_DARWIN_UNLIMITED_SELECT -D_REENTRANT    -O3 -Wno-error=shorten-64-to-32  -fno-common -pipe conftest.c  -L. -L/Users/mitsuba/.rbenv/versions/3.0.0/lib -L/Users/mitsuba/.rbenv/versions/3.0.0/openssl/lib -L. -L/Users/mitsuba/.rbenv/versions/3.0.0/lib  -fstack-protector-strong -L/usr/local/lib     -lruby.3.0   "
checked program was:
/* begin */
 1: #include "ruby.h"
 2: 
 3: /*top*/
 4: extern int t(void);
 5: int main(int argc, char **argv)
 6: {
 7:   if (argc > 1000000) {
 8:     int (* volatile tp)(void)=(int (*)(void))&t;
 9:     printf("%d", (*tp)());
10:   }
11: 
12:   return !!argv[argc];
13: }
14: int t(void) { void ((*volatile p)()); p = (void ((*)()))rb_thread_fd_select; return !p; }
/* end */

--------------------

have_type: checking for rb_fdset_t in ruby/intern.h... -------------------- yes

"clang -fdeclspec -I/Users/mitsuba/.rbenv/versions/3.0.0/include/ruby-3.0.0/x86_64-darwin18 -I/Users/mitsuba/.rbenv/versions/3.0.0/include/ruby-3.0.0/ruby/backward -I/Users/mitsuba/.rbenv/versions/3.0.0/include/ruby-3.0.0 -I. -I/Users/mitsuba/.rbenv/versions/3.0.0/openssl/include -I/Users/mitsuba/.rbenv/versions/3.0.0/include  -D_XOPEN_SOURCE -D_DARWIN_C_SOURCE -D_DARWIN_UNLIMITED_SELECT -D_REENTRANT    -O3 -Wno-error=shorten-64-to-32  -fno-common -pipe   -c conftest.c"
checked program was:
/* begin */
1: #include "ruby.h"
2: 
3: #include <ruby/intern.h>
4: 
5: /*top*/
6: typedef rb_fdset_t conftest_type;
7: int conftestval[sizeof(conftest_type)?1:-1];
/* end */

--------------------

have_func: checking for rb_wait_for_single_fd()... -------------------- yes

"clang -fdeclspec -o conftest -I/Users/mitsuba/.rbenv/versions/3.0.0/include/ruby-3.0.0/x86_64-darwin18 -I/Users/mitsuba/.rbenv/versions/3.0.0/include/ruby-3.0.0/ruby/backward -I/Users/mitsuba/.rbenv/versions/3.0.0/include/ruby-3.0.0 -I. -I/Users/mitsuba/.rbenv/versions/3.0.0/openssl/include -I/Users/mitsuba/.rbenv/versions/3.0.0/include  -D_XOPEN_SOURCE -D_DARWIN_C_SOURCE -D_DARWIN_UNLIMITED_SELECT -D_REENTRANT    -O3 -Wno-error=shorten-64-to-32  -fno-common -pipe conftest.c  -L. -L/Users/mitsuba/.rbenv/versions/3.0.0/lib -L/Users/mitsuba/.rbenv/versions/3.0.0/openssl/lib -L. -L/Users/mitsuba/.rbenv/versions/3.0.0/lib  -fstack-protector-strong -L/usr/local/lib     -lruby.3.0   "
conftest.c:14:57: error: use of undeclared identifier 'rb_wait_for_single_fd'
int t(void) { void ((*volatile p)()); p = (void ((*)()))rb_wait_for_single_fd; return !p; }
                                                        ^
1 error generated.
checked program was:
/* begin */
 1: #include "ruby.h"
 2: 
 3: /*top*/
 4: extern int t(void);
 5: int main(int argc, char **argv)
 6: {
 7:   if (argc > 1000000) {
 8:     int (* volatile tp)(void)=(int (*)(void))&t;
 9:     printf("%d", (*tp)());
10:   }
11: 
12:   return !!argv[argc];
13: }
14: int t(void) { void ((*volatile p)()); p = (void ((*)()))rb_wait_for_single_fd; return !p; }
/* end */

"clang -fdeclspec -o conftest -I/Users/mitsuba/.rbenv/versions/3.0.0/include/ruby-3.0.0/x86_64-darwin18 -I/Users/mitsuba/.rbenv/versions/3.0.0/include/ruby-3.0.0/ruby/backward -I/Users/mitsuba/.rbenv/versions/3.0.0/include/ruby-3.0.0 -I. -I/Users/mitsuba/.rbenv/versions/3.0.0/openssl/include -I/Users/mitsuba/.rbenv/versions/3.0.0/include  -D_XOPEN_SOURCE -D_DARWIN_C_SOURCE -D_DARWIN_UNLIMITED_SELECT -D_REENTRANT    -O3 -Wno-error=shorten-64-to-32  -fno-common -pipe conftest.c  -L. -L/Users/mitsuba/.rbenv/versions/3.0.0/lib -L/Users/mitsuba/.rbenv/versions/3.0.0/openssl/lib -L. -L/Users/mitsuba/.rbenv/versions/3.0.0/lib  -fstack-protector-strong -L/usr/local/lib     -lruby.3.0   "
checked program was:
/* begin */
 1: #include "ruby.h"
 2: 
 3: /*top*/
 4: extern int t(void);
 5: int main(int argc, char **argv)
 6: {
 7:   if (argc > 1000000) {
 8:     int (* volatile tp)(void)=(int (*)(void))&t;
 9:     printf("%d", (*tp)());
10:   }
11: 
12:   return !!argv[argc];
13: }
14: extern void rb_wait_for_single_fd();
15: int t(void) { rb_wait_for_single_fd(); return 0; }
/* end */

--------------------

have_func: checking for rb_enable_interrupt()... -------------------- no

"clang -fdeclspec -o conftest -I/Users/mitsuba/.rbenv/versions/3.0.0/include/ruby-3.0.0/x86_64-darwin18 -I/Users/mitsuba/.rbenv/versions/3.0.0/include/ruby-3.0.0/ruby/backward -I/Users/mitsuba/.rbenv/versions/3.0.0/include/ruby-3.0.0 -I. -I/Users/mitsuba/.rbenv/versions/3.0.0/openssl/include -I/Users/mitsuba/.rbenv/versions/3.0.0/include  -D_XOPEN_SOURCE -D_DARWIN_C_SOURCE -D_DARWIN_UNLIMITED_SELECT -D_REENTRANT    -O3 -Wno-error=shorten-64-to-32  -fno-common -pipe conftest.c  -L. -L/Users/mitsuba/.rbenv/versions/3.0.0/lib -L/Users/mitsuba/.rbenv/versions/3.0.0/openssl/lib -L. -L/Users/mitsuba/.rbenv/versions/3.0.0/lib  -fstack-protector-strong -L/usr/local/lib     -lruby.3.0   "
conftest.c:14:57: error: use of undeclared identifier 'rb_enable_interrupt'
int t(void) { void ((*volatile p)()); p = (void ((*)()))rb_enable_interrupt; return !p; }
                                                        ^
1 error generated.
checked program was:
/* begin */
 1: #include "ruby.h"
 2: 
 3: /*top*/
 4: extern int t(void);
 5: int main(int argc, char **argv)
 6: {
 7:   if (argc > 1000000) {
 8:     int (* volatile tp)(void)=(int (*)(void))&t;
 9:     printf("%d", (*tp)());
10:   }
11: 
12:   return !!argv[argc];
13: }
14: int t(void) { void ((*volatile p)()); p = (void ((*)()))rb_enable_interrupt; return !p; }
/* end */

"clang -fdeclspec -o conftest -I/Users/mitsuba/.rbenv/versions/3.0.0/include/ruby-3.0.0/x86_64-darwin18 -I/Users/mitsuba/.rbenv/versions/3.0.0/include/ruby-3.0.0/ruby/backward -I/Users/mitsuba/.rbenv/versions/3.0.0/include/ruby-3.0.0 -I. -I/Users/mitsuba/.rbenv/versions/3.0.0/openssl/include -I/Users/mitsuba/.rbenv/versions/3.0.0/include  -D_XOPEN_SOURCE -D_DARWIN_C_SOURCE -D_DARWIN_UNLIMITED_SELECT -D_REENTRANT    -O3 -Wno-error=shorten-64-to-32  -fno-common -pipe conftest.c  -L. -L/Users/mitsuba/.rbenv/versions/3.0.0/lib -L/Users/mitsuba/.rbenv/versions/3.0.0/openssl/lib -L. -L/Users/mitsuba/.rbenv/versions/3.0.0/lib  -fstack-protector-strong -L/usr/local/lib     -lruby.3.0   "
Undefined symbols for architecture x86_64:
  "_rb_enable_interrupt", referenced from:
      _t in conftest-f0f7bf.o
ld: symbol(s) not found for architecture x86_64
clang: error: linker command failed with exit code 1 (use -v to see invocation)
checked program was:
/* begin */
 1: #include "ruby.h"
 2: 
 3: /*top*/
 4: extern int t(void);
 5: int main(int argc, char **argv)
 6: {
 7:   if (argc > 1000000) {
 8:     int (* volatile tp)(void)=(int (*)(void))&t;
 9:     printf("%d", (*tp)());
10:   }
11: 
12:   return !!argv[argc];
13: }
14: extern void rb_enable_interrupt();
15: int t(void) { rb_enable_interrupt(); return 0; }
/* end */

--------------------

have_func: checking for rb_time_new()... -------------------- yes

"clang -fdeclspec -o conftest -I/Users/mitsuba/.rbenv/versions/3.0.0/include/ruby-3.0.0/x86_64-darwin18 -I/Users/mitsuba/.rbenv/versions/3.0.0/include/ruby-3.0.0/ruby/backward -I/Users/mitsuba/.rbenv/versions/3.0.0/include/ruby-3.0.0 -I. -I/Users/mitsuba/.rbenv/versions/3.0.0/openssl/include -I/Users/mitsuba/.rbenv/versions/3.0.0/include  -D_XOPEN_SOURCE -D_DARWIN_C_SOURCE -D_DARWIN_UNLIMITED_SELECT -D_REENTRANT    -O3 -Wno-error=shorten-64-to-32  -fno-common -pipe conftest.c  -L. -L/Users/mitsuba/.rbenv/versions/3.0.0/lib -L/Users/mitsuba/.rbenv/versions/3.0.0/openssl/lib -L. -L/Users/mitsuba/.rbenv/versions/3.0.0/lib  -fstack-protector-strong -L/usr/local/lib     -lruby.3.0   "
checked program was:
/* begin */
 1: #include "ruby.h"
 2: 
 3: /*top*/
 4: extern int t(void);
 5: int main(int argc, char **argv)
 6: {
 7:   if (argc > 1000000) {
 8:     int (* volatile tp)(void)=(int (*)(void))&t;
 9:     printf("%d", (*tp)());
10:   }
11: 
12:   return !!argv[argc];
13: }
14: int t(void) { void ((*volatile p)()); p = (void ((*)()))rb_time_new; return !p; }
/* end */

--------------------

have_func: checking for inotify_init() in sys/inotify.h... -------------------- no

"clang -fdeclspec -o conftest -I/Users/mitsuba/.rbenv/versions/3.0.0/include/ruby-3.0.0/x86_64-darwin18 -I/Users/mitsuba/.rbenv/versions/3.0.0/include/ruby-3.0.0/ruby/backward -I/Users/mitsuba/.rbenv/versions/3.0.0/include/ruby-3.0.0 -I. -I/Users/mitsuba/.rbenv/versions/3.0.0/openssl/include -I/Users/mitsuba/.rbenv/versions/3.0.0/include  -D_XOPEN_SOURCE -D_DARWIN_C_SOURCE -D_DARWIN_UNLIMITED_SELECT -D_REENTRANT    -O3 -Wno-error=shorten-64-to-32  -fno-common -pipe conftest.c  -L. -L/Users/mitsuba/.rbenv/versions/3.0.0/lib -L/Users/mitsuba/.rbenv/versions/3.0.0/openssl/lib -L. -L/Users/mitsuba/.rbenv/versions/3.0.0/lib  -fstack-protector-strong -L/usr/local/lib     -lruby.3.0   "
conftest.c:3:10: fatal error: 'sys/inotify.h' file not found
#include <sys/inotify.h>
         ^~~~~~~~~~~~~~~
1 error generated.
checked program was:
/* begin */
 1: #include "ruby.h"
 2: 
 3: #include <sys/inotify.h>
 4: 
 5: /*top*/
 6: extern int t(void);
 7: int main(int argc, char **argv)
 8: {
 9:   if (argc > 1000000) {
10:     int (* volatile tp)(void)=(int (*)(void))&t;
11:     printf("%d", (*tp)());
12:   }
13: 
14:   return !!argv[argc];
15: }
16: int t(void) { void ((*volatile p)()); p = (void ((*)()))inotify_init; return !p; }
/* end */

"clang -fdeclspec -o conftest -I/Users/mitsuba/.rbenv/versions/3.0.0/include/ruby-3.0.0/x86_64-darwin18 -I/Users/mitsuba/.rbenv/versions/3.0.0/include/ruby-3.0.0/ruby/backward -I/Users/mitsuba/.rbenv/versions/3.0.0/include/ruby-3.0.0 -I. -I/Users/mitsuba/.rbenv/versions/3.0.0/openssl/include -I/Users/mitsuba/.rbenv/versions/3.0.0/include  -D_XOPEN_SOURCE -D_DARWIN_C_SOURCE -D_DARWIN_UNLIMITED_SELECT -D_REENTRANT    -O3 -Wno-error=shorten-64-to-32  -fno-common -pipe conftest.c  -L. -L/Users/mitsuba/.rbenv/versions/3.0.0/lib -L/Users/mitsuba/.rbenv/versions/3.0.0/openssl/lib -L. -L/Users/mitsuba/.rbenv/versions/3.0.0/lib  -fstack-protector-strong -L/usr/local/lib     -lruby.3.0   "
conftest.c:3:10: fatal error: 'sys/inotify.h' file not found
#include <sys/inotify.h>
         ^~~~~~~~~~~~~~~
1 error generated.
checked program was:
/* begin */
 1: #include "ruby.h"
 2: 
 3: #include <sys/inotify.h>
 4: 
 5: /*top*/
 6: extern int t(void);
 7: int main(int argc, char **argv)
 8: {
 9:   if (argc > 1000000) {
10:     int (* volatile tp)(void)=(int (*)(void))&t;
11:     printf("%d", (*tp)());
12:   }
13: 
14:   return !!argv[argc];
15: }
16: extern void inotify_init();
17: int t(void) { inotify_init(); return 0; }
/* end */

--------------------

have_macro: checking for __NR_inotify_init in sys/syscall.h... -------------------- no

"clang -fdeclspec -I/Users/mitsuba/.rbenv/versions/3.0.0/include/ruby-3.0.0/x86_64-darwin18 -I/Users/mitsuba/.rbenv/versions/3.0.0/include/ruby-3.0.0/ruby/backward -I/Users/mitsuba/.rbenv/versions/3.0.0/include/ruby-3.0.0 -I. -I/Users/mitsuba/.rbenv/versions/3.0.0/openssl/include -I/Users/mitsuba/.rbenv/versions/3.0.0/include  -D_XOPEN_SOURCE -D_DARWIN_C_SOURCE -D_DARWIN_UNLIMITED_SELECT -D_REENTRANT    -O3 -Wno-error=shorten-64-to-32  -fno-common -pipe   -c conftest.c"
conftest.c:6:3: error: 
# error
  ^
conftest.c:7:1: error: expected identifier or '('
|:/ === __NR_inotify_init undefined === /:|
^
2 errors generated.
checked program was:
/* begin */
1: #include "ruby.h"
2: 
3: #include <sys/syscall.h>
4: /*top*/
5: #ifndef __NR_inotify_init
6: # error
7: |:/ === __NR_inotify_init undefined === /:|
8: #endif
/* end */

--------------------

have_func: checking for writev() in sys/uio.h... -------------------- yes

"clang -fdeclspec -o conftest -I/Users/mitsuba/.rbenv/versions/3.0.0/include/ruby-3.0.0/x86_64-darwin18 -I/Users/mitsuba/.rbenv/versions/3.0.0/include/ruby-3.0.0/ruby/backward -I/Users/mitsuba/.rbenv/versions/3.0.0/include/ruby-3.0.0 -I. -I/Users/mitsuba/.rbenv/versions/3.0.0/openssl/include -I/Users/mitsuba/.rbenv/versions/3.0.0/include  -D_XOPEN_SOURCE -D_DARWIN_C_SOURCE -D_DARWIN_UNLIMITED_SELECT -D_REENTRANT    -O3 -Wno-error=shorten-64-to-32  -fno-common -pipe conftest.c  -L. -L/Users/mitsuba/.rbenv/versions/3.0.0/lib -L/Users/mitsuba/.rbenv/versions/3.0.0/openssl/lib -L. -L/Users/mitsuba/.rbenv/versions/3.0.0/lib  -fstack-protector-strong -L/usr/local/lib     -lruby.3.0   "
checked program was:
/* begin */
 1: #include "ruby.h"
 2: 
 3: #include <sys/uio.h>
 4: 
 5: /*top*/
 6: extern int t(void);
 7: int main(int argc, char **argv)
 8: {
 9:   if (argc > 1000000) {
10:     int (* volatile tp)(void)=(int (*)(void))&t;
11:     printf("%d", (*tp)());
12:   }
13: 
14:   return !!argv[argc];
15: }
16: int t(void) { void ((*volatile p)()); p = (void ((*)()))writev; return !p; }
/* end */

--------------------

have_func: checking for pipe2() in unistd.h... -------------------- no

"clang -fdeclspec -o conftest -I/Users/mitsuba/.rbenv/versions/3.0.0/include/ruby-3.0.0/x86_64-darwin18 -I/Users/mitsuba/.rbenv/versions/3.0.0/include/ruby-3.0.0/ruby/backward -I/Users/mitsuba/.rbenv/versions/3.0.0/include/ruby-3.0.0 -I. -I/Users/mitsuba/.rbenv/versions/3.0.0/openssl/include -I/Users/mitsuba/.rbenv/versions/3.0.0/include  -D_XOPEN_SOURCE -D_DARWIN_C_SOURCE -D_DARWIN_UNLIMITED_SELECT -D_REENTRANT    -O3 -Wno-error=shorten-64-to-32  -fno-common -pipe conftest.c  -L. -L/Users/mitsuba/.rbenv/versions/3.0.0/lib -L/Users/mitsuba/.rbenv/versions/3.0.0/openssl/lib -L. -L/Users/mitsuba/.rbenv/versions/3.0.0/lib  -fstack-protector-strong -L/usr/local/lib     -lruby.3.0   "
conftest.c:16:57: error: use of undeclared identifier 'pipe2'
int t(void) { void ((*volatile p)()); p = (void ((*)()))pipe2; return !p; }
                                                        ^
1 error generated.
checked program was:
/* begin */
 1: #include "ruby.h"
 2: 
 3: #include <unistd.h>
 4: 
 5: /*top*/
 6: extern int t(void);
 7: int main(int argc, char **argv)
 8: {
 9:   if (argc > 1000000) {
10:     int (* volatile tp)(void)=(int (*)(void))&t;
11:     printf("%d", (*tp)());
12:   }
13: 
14:   return !!argv[argc];
15: }
16: int t(void) { void ((*volatile p)()); p = (void ((*)()))pipe2; return !p; }
/* end */

"clang -fdeclspec -o conftest -I/Users/mitsuba/.rbenv/versions/3.0.0/include/ruby-3.0.0/x86_64-darwin18 -I/Users/mitsuba/.rbenv/versions/3.0.0/include/ruby-3.0.0/ruby/backward -I/Users/mitsuba/.rbenv/versions/3.0.0/include/ruby-3.0.0 -I. -I/Users/mitsuba/.rbenv/versions/3.0.0/openssl/include -I/Users/mitsuba/.rbenv/versions/3.0.0/include  -D_XOPEN_SOURCE -D_DARWIN_C_SOURCE -D_DARWIN_UNLIMITED_SELECT -D_REENTRANT    -O3 -Wno-error=shorten-64-to-32  -fno-common -pipe conftest.c  -L. -L/Users/mitsuba/.rbenv/versions/3.0.0/lib -L/Users/mitsuba/.rbenv/versions/3.0.0/openssl/lib -L. -L/Users/mitsuba/.rbenv/versions/3.0.0/lib  -fstack-protector-strong -L/usr/local/lib     -lruby.3.0   "
Undefined symbols for architecture x86_64:
  "_pipe2", referenced from:
      _t in conftest-01c4eb.o
ld: symbol(s) not found for architecture x86_64
clang: error: linker command failed with exit code 1 (use -v to see invocation)
checked program was:
/* begin */
 1: #include "ruby.h"
 2: 
 3: #include <unistd.h>
 4: 
 5: /*top*/
 6: extern int t(void);
 7: int main(int argc, char **argv)
 8: {
 9:   if (argc > 1000000) {
10:     int (* volatile tp)(void)=(int (*)(void))&t;
11:     printf("%d", (*tp)());
12:   }
13: 
14:   return !!argv[argc];
15: }
16: extern void pipe2();
17: int t(void) { pipe2(); return 0; }
/* end */

--------------------

have_func: checking for accept4() in sys/socket.h... -------------------- no

"clang -fdeclspec -o conftest -I/Users/mitsuba/.rbenv/versions/3.0.0/include/ruby-3.0.0/x86_64-darwin18 -I/Users/mitsuba/.rbenv/versions/3.0.0/include/ruby-3.0.0/ruby/backward -I/Users/mitsuba/.rbenv/versions/3.0.0/include/ruby-3.0.0 -I. -I/Users/mitsuba/.rbenv/versions/3.0.0/openssl/include -I/Users/mitsuba/.rbenv/versions/3.0.0/include  -D_XOPEN_SOURCE -D_DARWIN_C_SOURCE -D_DARWIN_UNLIMITED_SELECT -D_REENTRANT    -O3 -Wno-error=shorten-64-to-32  -fno-common -pipe conftest.c  -L. -L/Users/mitsuba/.rbenv/versions/3.0.0/lib -L/Users/mitsuba/.rbenv/versions/3.0.0/openssl/lib -L. -L/Users/mitsuba/.rbenv/versions/3.0.0/lib  -fstack-protector-strong -L/usr/local/lib     -lruby.3.0   "
conftest.c:16:57: error: use of undeclared identifier 'accept4'
int t(void) { void ((*volatile p)()); p = (void ((*)()))accept4; return !p; }
                                                        ^
1 error generated.
checked program was:
/* begin */
 1: #include "ruby.h"
 2: 
 3: #include <sys/socket.h>
 4: 
 5: /*top*/
 6: extern int t(void);
 7: int main(int argc, char **argv)
 8: {
 9:   if (argc > 1000000) {
10:     int (* volatile tp)(void)=(int (*)(void))&t;
11:     printf("%d", (*tp)());
12:   }
13: 
14:   return !!argv[argc];
15: }
16: int t(void) { void ((*volatile p)()); p = (void ((*)()))accept4; return !p; }
/* end */

"clang -fdeclspec -o conftest -I/Users/mitsuba/.rbenv/versions/3.0.0/include/ruby-3.0.0/x86_64-darwin18 -I/Users/mitsuba/.rbenv/versions/3.0.0/include/ruby-3.0.0/ruby/backward -I/Users/mitsuba/.rbenv/versions/3.0.0/include/ruby-3.0.0 -I. -I/Users/mitsuba/.rbenv/versions/3.0.0/openssl/include -I/Users/mitsuba/.rbenv/versions/3.0.0/include  -D_XOPEN_SOURCE -D_DARWIN_C_SOURCE -D_DARWIN_UNLIMITED_SELECT -D_REENTRANT    -O3 -Wno-error=shorten-64-to-32  -fno-common -pipe conftest.c  -L. -L/Users/mitsuba/.rbenv/versions/3.0.0/lib -L/Users/mitsuba/.rbenv/versions/3.0.0/openssl/lib -L. -L/Users/mitsuba/.rbenv/versions/3.0.0/lib  -fstack-protector-strong -L/usr/local/lib     -lruby.3.0   "
Undefined symbols for architecture x86_64:
  "_accept4", referenced from:
      _t in conftest-c73f51.o
ld: symbol(s) not found for architecture x86_64
clang: error: linker command failed with exit code 1 (use -v to see invocation)
checked program was:
/* begin */
 1: #include "ruby.h"
 2: 
 3: #include <sys/socket.h>
 4: 
 5: /*top*/
 6: extern int t(void);
 7: int main(int argc, char **argv)
 8: {
 9:   if (argc > 1000000) {
10:     int (* volatile tp)(void)=(int (*)(void))&t;
11:     printf("%d", (*tp)());
12:   }
13: 
14:   return !!argv[argc];
15: }
16: extern void accept4();
17: int t(void) { accept4(); return 0; }
/* end */

--------------------

have_const: checking for SOCK_CLOEXEC in sys/socket.h... -------------------- no

"clang -fdeclspec -I/Users/mitsuba/.rbenv/versions/3.0.0/include/ruby-3.0.0/x86_64-darwin18 -I/Users/mitsuba/.rbenv/versions/3.0.0/include/ruby-3.0.0/ruby/backward -I/Users/mitsuba/.rbenv/versions/3.0.0/include/ruby-3.0.0 -I. -I/Users/mitsuba/.rbenv/versions/3.0.0/openssl/include -I/Users/mitsuba/.rbenv/versions/3.0.0/include  -D_XOPEN_SOURCE -D_DARWIN_C_SOURCE -D_DARWIN_UNLIMITED_SELECT -D_REENTRANT    -O3 -Wno-error=shorten-64-to-32  -fno-common -pipe   -c conftest.c"
conftest.c:7:34: error: use of undeclared identifier 'SOCK_CLOEXEC'
conftest_type conftestval = (int)SOCK_CLOEXEC;
                                 ^
1 error generated.
checked program was:
/* begin */
1: #include "ruby.h"
2: 
3: #include <sys/socket.h>
4: 
5: /*top*/
6: typedef int conftest_type;
7: conftest_type conftestval = (int)SOCK_CLOEXEC;
/* end */

--------------------

have_header: checking for sys/event.h... -------------------- yes

"clang -E -I/Users/mitsuba/.rbenv/versions/3.0.0/include/ruby-3.0.0/x86_64-darwin18 -I/Users/mitsuba/.rbenv/versions/3.0.0/include/ruby-3.0.0/ruby/backward -I/Users/mitsuba/.rbenv/versions/3.0.0/include/ruby-3.0.0 -I. -I/Users/mitsuba/.rbenv/versions/3.0.0/openssl/include -I/Users/mitsuba/.rbenv/versions/3.0.0/include  -D_XOPEN_SOURCE -D_DARWIN_C_SOURCE -D_DARWIN_UNLIMITED_SELECT -D_REENTRANT    -O3 -Wno-error=shorten-64-to-32  -fno-common -pipe  conftest.c -o conftest.i"
checked program was:
/* begin */
1: #include "ruby.h"
2: 
3: #include <sys/event.h>
/* end */

--------------------

have_header: checking for sys/queue.h... -------------------- yes

"clang -E -I/Users/mitsuba/.rbenv/versions/3.0.0/include/ruby-3.0.0/x86_64-darwin18 -I/Users/mitsuba/.rbenv/versions/3.0.0/include/ruby-3.0.0/ruby/backward -I/Users/mitsuba/.rbenv/versions/3.0.0/include/ruby-3.0.0 -I. -I/Users/mitsuba/.rbenv/versions/3.0.0/openssl/include -I/Users/mitsuba/.rbenv/versions/3.0.0/include  -D_XOPEN_SOURCE -D_DARWIN_C_SOURCE -D_DARWIN_UNLIMITED_SELECT -D_REENTRANT    -O3 -Wno-error=shorten-64-to-32  -fno-common -pipe  conftest.c -o conftest.i"
checked program was:
/* begin */
1: #include "ruby.h"
2: 
3: #include <sys/queue.h>
/* end */

--------------------

have_func: checking for clock_gettime()... -------------------- yes

"clang -fdeclspec -o conftest -I/Users/mitsuba/.rbenv/versions/3.0.0/include/ruby-3.0.0/x86_64-darwin18 -I/Users/mitsuba/.rbenv/versions/3.0.0/include/ruby-3.0.0/ruby/backward -I/Users/mitsuba/.rbenv/versions/3.0.0/include/ruby-3.0.0 -I. -I/Users/mitsuba/.rbenv/versions/3.0.0/openssl/include -I/Users/mitsuba/.rbenv/versions/3.0.0/include  -D_XOPEN_SOURCE -D_DARWIN_C_SOURCE -D_DARWIN_UNLIMITED_SELECT -D_REENTRANT    -O3 -Wno-error=shorten-64-to-32  -fno-common -pipe conftest.c  -L. -L/Users/mitsuba/.rbenv/versions/3.0.0/lib -L/Users/mitsuba/.rbenv/versions/3.0.0/openssl/lib -L. -L/Users/mitsuba/.rbenv/versions/3.0.0/lib  -fstack-protector-strong -L/usr/local/lib     -lruby.3.0   "
checked program was:
/* begin */
 1: #include "ruby.h"
 2: 
 3: /*top*/
 4: extern int t(void);
 5: int main(int argc, char **argv)
 6: {
 7:   if (argc > 1000000) {
 8:     int (* volatile tp)(void)=(int (*)(void))&t;
 9:     printf("%d", (*tp)());
10:   }
11: 
12:   return !!argv[argc];
13: }
14: int t(void) { void ((*volatile p)()); p = (void ((*)()))clock_gettime; return !p; }
/* end */

--------------------

have_const: checking for CLOCK_MONOTONIC_RAW in time.h... -------------------- yes

"clang -fdeclspec -I/Users/mitsuba/.rbenv/versions/3.0.0/include/ruby-3.0.0/x86_64-darwin18 -I/Users/mitsuba/.rbenv/versions/3.0.0/include/ruby-3.0.0/ruby/backward -I/Users/mitsuba/.rbenv/versions/3.0.0/include/ruby-3.0.0 -I. -I/Users/mitsuba/.rbenv/versions/3.0.0/openssl/include -I/Users/mitsuba/.rbenv/versions/3.0.0/include  -D_XOPEN_SOURCE -D_DARWIN_C_SOURCE -D_DARWIN_UNLIMITED_SELECT -D_REENTRANT    -O3 -Wno-error=shorten-64-to-32  -fno-common -pipe   -c conftest.c"
checked program was:
/* begin */
1: #include "ruby.h"
2: 
3: #include <time.h>
4: 
5: /*top*/
6: typedef int conftest_type;
7: conftest_type conftestval = (int)CLOCK_MONOTONIC_RAW;
/* end */

--------------------

have_const: checking for CLOCK_MONOTONIC in time.h... -------------------- yes

"clang -fdeclspec -I/Users/mitsuba/.rbenv/versions/3.0.0/include/ruby-3.0.0/x86_64-darwin18 -I/Users/mitsuba/.rbenv/versions/3.0.0/include/ruby-3.0.0/ruby/backward -I/Users/mitsuba/.rbenv/versions/3.0.0/include/ruby-3.0.0 -I. -I/Users/mitsuba/.rbenv/versions/3.0.0/openssl/include -I/Users/mitsuba/.rbenv/versions/3.0.0/include  -D_XOPEN_SOURCE -D_DARWIN_C_SOURCE -D_DARWIN_UNLIMITED_SELECT -D_REENTRANT    -O3 -Wno-error=shorten-64-to-32  -fno-common -pipe   -c conftest.c"
checked program was:
/* begin */
1: #include "ruby.h"
2: 
3: #include <time.h>
4: 
5: /*top*/
6: typedef int conftest_type;
7: conftest_type conftestval = (int)CLOCK_MONOTONIC;
/* end */

--------------------

"clang++ -fdeclspec -o conftest -I/Users/mitsuba/.rbenv/versions/3.0.0/include/ruby-3.0.0/x86_64-darwin18 -I/Users/mitsuba/.rbenv/versions/3.0.0/include/ruby-3.0.0/ruby/backward -I/Users/mitsuba/.rbenv/versions/3.0.0/include/ruby-3.0.0 -I. -I/Users/mitsuba/.rbenv/versions/3.0.0/openssl/include -I/Users/mitsuba/.rbenv/versions/3.0.0/include  -D_XOPEN_SOURCE -D_DARWIN_C_SOURCE -D_DARWIN_UNLIMITED_SELECT -D_REENTRANT    -O3 -Wno-error=shorten-64-to-32  -fno-common -pipe conftest.c  -L. -L/Users/mitsuba/.rbenv/versions/3.0.0/lib -L/Users/mitsuba/.rbenv/versions/3.0.0/openssl/lib -L. -L/Users/mitsuba/.rbenv/versions/3.0.0/lib  -fstack-protector-strong -L/usr/local/lib     -lruby.3.0 -Wall  "
clang: warning: treating 'c' input as 'c++' when in C++ mode, this behavior is deprecated [-Wdeprecated]
checked program was:
/* begin */
1: #include "ruby.h"
2: 
3: int main() {return 0;}
/* end */

"clang++ -fdeclspec -o conftest -I/Users/mitsuba/.rbenv/versions/3.0.0/include/ruby-3.0.0/x86_64-darwin18 -I/Users/mitsuba/.rbenv/versions/3.0.0/include/ruby-3.0.0/ruby/backward -I/Users/mitsuba/.rbenv/versions/3.0.0/include/ruby-3.0.0 -I. -I/Users/mitsuba/.rbenv/versions/3.0.0/openssl/include -I/Users/mitsuba/.rbenv/versions/3.0.0/include  -D_XOPEN_SOURCE -D_DARWIN_C_SOURCE -D_DARWIN_UNLIMITED_SELECT -D_REENTRANT    -O3 -Wno-error=shorten-64-to-32  -fno-common -pipe conftest.c  -L. -L/Users/mitsuba/.rbenv/versions/3.0.0/lib -L/Users/mitsuba/.rbenv/versions/3.0.0/openssl/lib -L. -L/Users/mitsuba/.rbenv/versions/3.0.0/lib  -fstack-protector-strong -L/usr/local/lib     -lruby.3.0 -Wextra  "
clang: warning: treating 'c' input as 'c++' when in C++ mode, this behavior is deprecated [-Wdeprecated]
checked program was:
/* begin */
1: #include "ruby.h"
2: 
3: int main() {return 0;}
/* end */

"clang++ -fdeclspec -o conftest -I/Users/mitsuba/.rbenv/versions/3.0.0/include/ruby-3.0.0/x86_64-darwin18 -I/Users/mitsuba/.rbenv/versions/3.0.0/include/ruby-3.0.0/ruby/backward -I/Users/mitsuba/.rbenv/versions/3.0.0/include/ruby-3.0.0 -I. -I/Users/mitsuba/.rbenv/versions/3.0.0/openssl/include -I/Users/mitsuba/.rbenv/versions/3.0.0/include  -D_XOPEN_SOURCE -D_DARWIN_C_SOURCE -D_DARWIN_UNLIMITED_SELECT -D_REENTRANT    -O3 -Wno-error=shorten-64-to-32  -fno-common -pipe conftest.c  -L. -L/Users/mitsuba/.rbenv/versions/3.0.0/lib -L/Users/mitsuba/.rbenv/versions/3.0.0/openssl/lib -L. -L/Users/mitsuba/.rbenv/versions/3.0.0/lib  -fstack-protector-strong -L/usr/local/lib     -lruby.3.0 -Wno-deprecated-declarations  "
clang: warning: treating 'c' input as 'c++' when in C++ mode, this behavior is deprecated [-Wdeprecated]
checked program was:
/* begin */
1: #include "ruby.h"
2: 
3: int main() {return 0;}
/* end */

"clang++ -fdeclspec -o conftest -I/Users/mitsuba/.rbenv/versions/3.0.0/include/ruby-3.0.0/x86_64-darwin18 -I/Users/mitsuba/.rbenv/versions/3.0.0/include/ruby-3.0.0/ruby/backward -I/Users/mitsuba/.rbenv/versions/3.0.0/include/ruby-3.0.0 -I. -I/Users/mitsuba/.rbenv/versions/3.0.0/openssl/include -I/Users/mitsuba/.rbenv/versions/3.0.0/include  -D_XOPEN_SOURCE -D_DARWIN_C_SOURCE -D_DARWIN_UNLIMITED_SELECT -D_REENTRANT    -O3 -Wno-error=shorten-64-to-32  -fno-common -pipe conftest.c  -L. -L/Users/mitsuba/.rbenv/versions/3.0.0/lib -L/Users/mitsuba/.rbenv/versions/3.0.0/openssl/lib -L. -L/Users/mitsuba/.rbenv/versions/3.0.0/lib  -fstack-protector-strong -L/usr/local/lib     -lruby.3.0 -Wno-ignored-qualifiers  "
clang: warning: treating 'c' input as 'c++' when in C++ mode, this behavior is deprecated [-Wdeprecated]
checked program was:
/* begin */
1: #include "ruby.h"
2: 
3: int main() {return 0;}
/* end */

"clang++ -fdeclspec -o conftest -I/Users/mitsuba/.rbenv/versions/3.0.0/include/ruby-3.0.0/x86_64-darwin18 -I/Users/mitsuba/.rbenv/versions/3.0.0/include/ruby-3.0.0/ruby/backward -I/Users/mitsuba/.rbenv/versions/3.0.0/include/ruby-3.0.0 -I. -I/Users/mitsuba/.rbenv/versions/3.0.0/openssl/include -I/Users/mitsuba/.rbenv/versions/3.0.0/include  -D_XOPEN_SOURCE -D_DARWIN_C_SOURCE -D_DARWIN_UNLIMITED_SELECT -D_REENTRANT    -O3 -Wno-error=shorten-64-to-32  -fno-common -pipe conftest.c  -L. -L/Users/mitsuba/.rbenv/versions/3.0.0/lib -L/Users/mitsuba/.rbenv/versions/3.0.0/openssl/lib -L. -L/Users/mitsuba/.rbenv/versions/3.0.0/lib  -fstack-protector-strong -L/usr/local/lib     -lruby.3.0 -Wno-unused-result  "
clang: warning: treating 'c' input as 'c++' when in C++ mode, this behavior is deprecated [-Wdeprecated]
checked program was:
/* begin */
1: #include "ruby.h"
2: 
3: int main() {return 0;}
/* end */

"clang++ -fdeclspec -o conftest -I/Users/mitsuba/.rbenv/versions/3.0.0/include/ruby-3.0.0/x86_64-darwin18 -I/Users/mitsuba/.rbenv/versions/3.0.0/include/ruby-3.0.0/ruby/backward -I/Users/mitsuba/.rbenv/versions/3.0.0/include/ruby-3.0.0 -I. -I/Users/mitsuba/.rbenv/versions/3.0.0/openssl/include -I/Users/mitsuba/.rbenv/versions/3.0.0/include  -D_XOPEN_SOURCE -D_DARWIN_C_SOURCE -D_DARWIN_UNLIMITED_SELECT -D_REENTRANT    -O3 -Wno-error=shorten-64-to-32  -fno-common -pipe conftest.c  -L. -L/Users/mitsuba/.rbenv/versions/3.0.0/lib -L/Users/mitsuba/.rbenv/versions/3.0.0/openssl/lib -L. -L/Users/mitsuba/.rbenv/versions/3.0.0/lib  -fstack-protector-strong -L/usr/local/lib     -lruby.3.0 -Wno-address  "
clang: warning: treating 'c' input as 'c++' when in C++ mode, this behavior is deprecated [-Wdeprecated]
checked program was:
/* begin */
1: #include "ruby.h"
2: 
3: int main() {return 0;}
/* end */

"clang++ -fdeclspec -o conftest -I/Users/mitsuba/.rbenv/versions/3.0.0/include/ruby-3.0.0/x86_64-darwin18 -I/Users/mitsuba/.rbenv/versions/3.0.0/include/ruby-3.0.0/ruby/backward -I/Users/mitsuba/.rbenv/versions/3.0.0/include/ruby-3.0.0 -I. -I/Users/mitsuba/.rbenv/versions/3.0.0/openssl/include -I/Users/mitsuba/.rbenv/versions/3.0.0/include  -D_XOPEN_SOURCE -D_DARWIN_C_SOURCE -D_DARWIN_UNLIMITED_SELECT -D_REENTRANT    -O3 -Wno-error=shorten-64-to-32  -fno-common -pipe conftest.c  -L. -L/Users/mitsuba/.rbenv/versions/3.0.0/lib -L/Users/mitsuba/.rbenv/versions/3.0.0/openssl/lib -L. -L/Users/mitsuba/.rbenv/versions/3.0.0/lib  -fstack-protector-strong -L/usr/local/lib     -lruby.3.0 -lstdc++  "
clang: warning: treating 'c' input as 'c++' when in C++ mode, this behavior is deprecated [-Wdeprecated]
checked program was:
/* begin */
1: #include "ruby.h"
2: 
3:   #include <utility>
4:   using namespace std;
5:   int main(){ pair<const int,int> tuple = make_pair(1,2); }
/* end */

